生成启动时间为 2020-3-27 15:22:52。
     1>项目“E:\CPP\c_code\task1\task1\task1.vcxproj”在节点 2 上(Build 个目标)。
     1>C:\Program Files (x86)\MSBuild\Microsoft.Cpp\v4.0\V120\Microsoft.CppBuild.targets(381,5): warning MSB8028: The intermediate directory (Debug\) contains files shared from another project (task1.vcxproj).  This can lead to incorrect clean and rebuild behavior.
     1>ClCompile:
         E:\program\vs2013\VC\bin\CL.exe /c /ZI /nologo /W3 /WX- /Od /Oy- /D WIN32 /D _DEBUG /D _CONSOLE /D _LIB /D _UNICODE /D UNICODE /Gm /EHsc /RTC1 /MDd /GS /fp:precise /Zc:wchar_t /Zc:forScope /Fo"Debug\\" /Fd"Debug\vc120.pdb" /Gd /TC /analyze- /errorReport:prompt task16.c
         task16.c
       Link:
         E:\program\vs2013\VC\bin\link.exe /ERRORREPORT:PROMPT /OUT:"E:\CPP\c_code\task1\Debug\C_chujie  homework.exe" /INCREMENTAL /NOLOGO kernel32.lib user32.lib gdi32.lib winspool.lib comdlg32.lib advapi32.lib shell32.lib ole32.lib oleaut32.lib uuid.lib odbc32.lib odbccp32.lib /MANIFEST /MANIFESTUAC:"level='asInvoker' uiAccess='false'" /manifest:embed /DEBUG /PDB:"E:\CPP\c_code\task1\Debug\C_chujie  homework.pdb" /SUBSYSTEM:CONSOLE /TLBID:1 /DYNAMICBASE /NXCOMPAT /IMPLIB:"E:\CPP\c_code\task1\Debug\C_chujie  homework.lib" /MACHINE:X86 Debug\task1.obj
         Debug\task10.obj
         Debug\task11.obj
         Debug\task12.obj
         Debug\task13.obj
         Debug\task14.obj
         Debug\task15.obj
         Debug\task16.obj
         Debug\task2.obj
         Debug\task3.obj
         Debug\task4.obj
         Debug\task5.obj
         Debug\task6.obj
         Debug\task6_.obj
         Debug\task6_main.obj
         Debug\task7.obj
         Debug\task8.obj
         Debug\tsak9.obj
         task1.vcxproj -> E:\CPP\c_code\task1\Debug\C_chujie  homework.exe
     1>已完成生成项目“E:\CPP\c_code\task1\task1\task1.vcxproj”(Build 个目标)的操作。

生成成功。

已用时间 00:00:00.85
